To honour the JVM settings for this build a single-use Daemon process will be forked. For more on this, please refer to https://docs.gradle.org/8.14/userguide/gradle_daemon.html#sec:disabling_the_daemon in the Gradle documentation.
Daemon will be stopped at the end of the build 
> Task :app:preBuild UP-TO-DATE
> Task :app:preDebugBuild UP-TO-DATE
> Task :app:mergeDebugNativeDebugMetadata NO-SOURCE
> Task :app:checkKotlinGradlePluginConfigurationErrors SKIPPED
> Task :app:generateDebugBuildConfig UP-TO-DATE
> Task :app:checkDebugAarMetadata UP-TO-DATE
> Task :app:processDebugNavigationResources UP-TO-DATE
> Task :app:compileDebugNavigationResources UP-TO-DATE
> Task :app:generateDebugResValues UP-TO-DATE
> Task :app:processDebugGoogleServices UP-TO-DATE
> Task :app:mapDebugSourceSetPaths UP-TO-DATE
> Task :app:generateDebugResources UP-TO-DATE
> Task :app:mergeDebugResources UP-TO-DATE
> Task :app:packageDebugResources UP-TO-DATE
> Task :app:parseDebugLocalResources UP-TO-DATE
> Task :app:createDebugCompatibleScreenManifests UP-TO-DATE
> Task :app:extractDeepLinksDebug UP-TO-DATE
> Task :app:processDebugMainManifest UP-TO-DATE
> Task :app:processDebugManifest UP-TO-DATE
> Task :app:processDebugManifestForPackage UP-TO-DATE
> Task :app:processDebugResources UP-TO-DATE
> Task :app:kspDebugKotlin UP-TO-DATE
> Task :app:javaPreCompileDebug UP-TO-DATE
> Task :app:mergeDebugShaders UP-TO-DATE
> Task :app:compileDebugShaders NO-SOURCE
> Task :app:generateDebugAssets UP-TO-DATE
> Task :app:mergeDebugAssets UP-TO-DATE
> Task :app:compressDebugAssets UP-TO-DATE
> Task :app:checkDebugDuplicateClasses UP-TO-DATE
> Task :app:desugarDebugFileDependencies UP-TO-DATE
> Task :app:mergeExtDexDebug UP-TO-DATE
> Task :app:mergeLibDexDebug UP-TO-DATE
> Task :app:mergeDebugJniLibFolders UP-TO-DATE
> Task :app:mergeDebugNativeLibs UP-TO-DATE
> Task :app:stripDebugDebugSymbols UP-TO-DATE
> Task :app:validateSigningDebug UP-TO-DATE
> Task :app:writeDebugAppMetadata UP-TO-DATE
> Task :app:writeDebugSigningConfigVersions UP-TO-DATE

> Task :app:compileDebugKotlin FAILED
e: file:///C:/Android%20Development/dex_reader/DexReader/app/src/main/java/com/decoutkhanqindev/dexreader/presentation/navigation/NavGraph.kt:44:5 Unresolved reference. None of the following candidates is applicable because of a receiver type mismatch:
fun AnimatedContentTransitionScope<NavBackStackEntry>.slideFromLeftTransitions(): Transitions
e: file:///C:/Android%20Development/dex_reader/DexReader/app/src/main/java/com/decoutkhanqindev/dexreader/presentation/navigation/NavGraph.kt:80:5 Unresolved reference. None of the following candidates is applicable because of a receiver type mismatch:
fun AnimatedContentTransitionScope<NavBackStackEntry>.slideFromRightTransitions(): Transitions
e: file:///C:/Android%20Development/dex_reader/DexReader/app/src/main/java/com/decoutkhanqindev/dexreader/presentation/navigation/NavGraph.kt:116:5 Unresolved reference. None of the following candidates is applicable because of a receiver type mismatch:
fun AnimatedContentTransitionScope<NavBackStackEntry>.slideFromRightTransitions(): Transitions
e: file:///C:/Android%20Development/dex_reader/DexReader/app/src/main/java/com/decoutkhanqindev/dexreader/presentation/navigation/NavGraph.kt:148:5 Unresolved reference. None of the following candidates is applicable because of a receiver type mismatch:
fun AnimatedContentTransitionScope<NavBackStackEntry>.slideFromRightTransitions(): Transitions
e: file:///C:/Android%20Development/dex_reader/DexReader/app/src/main/java/com/decoutkhanqindev/dexreader/presentation/navigation/NavGraph.kt:184:5 Unresolved reference. None of the following candidates is applicable because of a receiver type mismatch:
fun AnimatedContentTransitionScope<NavBackStackEntry>.slideFromRightTransitions(): Transitions
e: file:///C:/Android%20Development/dex_reader/DexReader/app/src/main/java/com/decoutkhanqindev/dexreader/presentation/navigation/NavGraph.kt:225:5 Unresolved reference. None of the following candidates is applicable because of a receiver type mismatch:
fun AnimatedContentTransitionScope<NavBackStackEntry>.slideFromRightTransitions(): Transitions
e: file:///C:/Android%20Development/dex_reader/DexReader/app/src/main/java/com/decoutkhanqindev/dexreader/presentation/navigation/NavGraph.kt:259:5 Unresolved reference. None of the following candidates is applicable because of a receiver type mismatch:
fun AnimatedContentTransitionScope<NavBackStackEntry>.slideFromRightTransitions(): Transitions
e: file:///C:/Android%20Development/dex_reader/DexReader/app/src/main/java/com/decoutkhanqindev/dexreader/presentation/navigation/NavGraph.kt:287:5 Unresolved reference. None of the following candidates is applicable because of a receiver type mismatch:
fun AnimatedContentTransitionScope<NavBackStackEntry>.slideFromRightTransitions(): Transitions
e: file:///C:/Android%20Development/dex_reader/DexReader/app/src/main/java/com/decoutkhanqindev/dexreader/presentation/navigation/NavGraph.kt:308:5 Unresolved reference. None of the following candidates is applicable because of a receiver type mismatch:
fun AnimatedContentTransitionScope<NavBackStackEntry>.slideFromRightTransitions(): Transitions
e: file:///C:/Android%20Development/dex_reader/DexReader/app/src/main/java/com/decoutkhanqindev/dexreader/presentation/navigation/NavGraph.kt:355:5 Unresolved reference. None of the following candidates is applicable because of a receiver type mismatch:
fun AnimatedContentTransitionScope<NavBackStackEntry>.slideEnterOnlyTransitions(): Transitions
e: file:///C:/Android%20Development/dex_reader/DexReader/app/src/main/java/com/decoutkhanqindev/dexreader/presentation/navigation/NavGraph.kt:384:5 Unresolved reference. None of the following candidates is applicable because of a receiver type mismatch:
fun AnimatedContentTransitionScope<NavBackStackEntry>.slideFromRightTransitions(): Transitions
e: file:///C:/Android%20Development/dex_reader/DexReader/app/src/main/java/com/decoutkhanqindev/dexreader/presentation/navigation/NavGraph.kt:411:5 Unresolved reference. None of the following candidates is applicable because of a receiver type mismatch:
fun AnimatedContentTransitionScope<NavBackStackEntry>.slideEnterOnlyTransitions(): Transitions
e: file:///C:/Android%20Development/dex_reader/DexReader/app/src/main/java/com/decoutkhanqindev/dexreader/presentation/navigation/NavGraph.kt:431:5 Unresolved reference. None of the following candidates is applicable because of a receiver type mismatch:
fun AnimatedContentTransitionScope<NavBackStackEntry>.slideEnterOnlyTransitions(): Transitions

FAILURE: Build failed with an exception.

* What went wrong:
Execution failed for task ':app:compileDebugKotlin'.
> A failure occurred while executing org.jetbrains.kotlin.compilerRunner.GradleCompilerRunnerWithWorkers$GradleKotlinCompilerWorkAction
   > Compilation error. See log for more details

* Try:
> Run with --stacktrace option to get the stack trace.
> Run with --info or --debug option to get more log output.
> Run with --scan to get full insights.
> Get more help at https://help.gradle.org.

BUILD FAILED in 21s
33 actionable tasks: 1 executed, 32 up-to-date
